InnoDB: using atomic writes.
2020-01-06 18:49:13 0 [Note] InnoDB: Mutexes and rw_locks use Windows interlocked functions
2020-01-06 18:49:13 0 [Note] InnoDB: Uses event mutexes
2020-01-06 18:49:13 0 [Note] InnoDB: Compressed tables use zlib 1.2.11
2020-01-06 18:49:13 0 [Note] InnoDB: Number of pools: 1
2020-01-06 18:49:13 0 [Note] InnoDB: Using SSE2 crc32 instructions
2020-01-06 18:49:13 0 [Note] InnoDB: Initializing buffer pool, total size = 16M, instances = 1, chunk size = 16M
2020-01-06 18:49:13 0 [Note] InnoDB: Completed initialization of buffer pool
2020-01-06 18:49:14 0 [Note] InnoDB: Starting crash recovery from checkpoint LSN=300288
2020-01-06 18:49:14 0 [Note] InnoDB: 128 out of 128 rollback segments are active.
2020-01-06 18:49:14 0 [Note] InnoDB: Removed temporary tablespace data file: "ibtmp1"
2020-01-06 18:49:14 0 [Note] InnoDB: Creating shared tablespace for temporary tables
2020-01-06 18:49:14 0 [Note] InnoDB: Setting file 'C:\xampp\mysql\data\ibtmp1' size to 12 MB. Physically writing the file full; Please wait ...
2020-01-06 18:49:14 0 [Note] InnoDB: File 'C:\xampp\mysql\data\ibtmp1' size is now 12 MB.
2020-01-06 18:49:14 0 [Note] InnoDB: Waiting for purge to start
2020-01-06 18:49:14 0 [Note] InnoDB: 10.4.8 started; log sequence number 300297; transaction id 171
2020-01-06 18:49:14 0 [Note] InnoDB: Loading buffer pool(s) from C:\xampp\mysql\data\ib_buffer_pool
2020-01-06 18:49:14 0 [Note] Plugin 'FEEDBACK' is disabled.
2020-01-06 18:49:14 0 [Note] Server socket created on IP: '::'.
InnoDB: using atomic writes.
2020-01-06 19:24:11 0 [Note] InnoDB: Mutexes and rw_locks use Windows interlocked functions
2020-01-06 19:24:11 0 [Note] InnoDB: Uses event mutexes
2020-01-06 19:24:11 0 [Note] InnoDB: Compressed tables use zlib 1.2.11
2020-01-06 19:24:11 0 [Note] InnoDB: Number of pools: 1
2020-01-06 19:24:11 0 [Note] InnoDB: Using SSE2 crc32 instructions
2020-01-06 19:24:11 0 [Note] InnoDB: Initializing buffer pool, total size = 16M, instances = 1, chunk size = 16M
2020-01-06 19:24:11 0 [Note] InnoDB: Completed initialization of buffer pool
2020-01-06 19:24:12 0 [Note] InnoDB: Starting crash recovery from checkpoint LSN=300306
2020-01-06 19:24:12 0 [Note] InnoDB: 128 out of 128 rollback segments are active.
2020-01-06 19:24:12 0 [Note] InnoDB: Removed temporary tablespace data file: "ibtmp1"
2020-01-06 19:24:12 0 [Note] InnoDB: Creating shared tablespace for temporary tables
2020-01-06 19:24:12 0 [Note] InnoDB: Setting file 'C:\xampp\mysql\data\ibtmp1' size to 12 MB. Physically writing the file full; Please wait ...
2020-01-06 19:24:12 0 [Note] InnoDB: File 'C:\xampp\mysql\data\ibtmp1' size is now 12 MB.
2020-01-06 19:24:12 0 [Note] InnoDB: Waiting for purge to start
2020-01-06 19:24:12 0 [Note] InnoDB: 10.4.8 started; log sequence number 300315; transaction id 171
2020-01-06 19:24:12 0 [Note] InnoDB: Loading buffer pool(s) from C:\xampp\mysql\data\ib_buffer_pool
2020-01-06 19:24:12 0 [Note] Plugin 'FEEDBACK' is disabled.
2020-01-06 19:24:12 0 [Note] Server socket created on IP: '::'.
InnoDB: using atomic writes.
2020-01-07 11:04:00 0 [Note] InnoDB: Mutexes and rw_locks use Windows interlocked functions
2020-01-07 11:04:00 0 [Note] InnoDB: Uses event mutexes
2020-01-07 11:04:00 0 [Note] InnoDB: Compressed tables use zlib 1.2.11
2020-01-07 11:04:00 0 [Note] InnoDB: Number of pools: 1
2020-01-07 11:04:00 0 [Note] InnoDB: Using SSE2 crc32 instructions
2020-01-07 11:04:00 0 [Note] InnoDB: Initializing buffer pool, total size = 16M, instances = 1, chunk size = 16M
2020-01-07 11:04:00 0 [Note] InnoDB: Completed initialization of buffer pool
2020-01-07 11:04:00 0 [Note] InnoDB: Starting crash recovery from checkpoint LSN=300324
2020-01-07 11:04:01 0 [Note] InnoDB: 128 out of 128 rollback segments are active.
2020-01-07 11:04:01 0 [Note] InnoDB: Removed temporary tablespace data file: "ibtmp1"
2020-01-07 11:04:01 0 [Note] InnoDB: Creating shared tablespace for temporary tables
2020-01-07 11:04:01 0 [Note] InnoDB: Setting file 'C:\xampp\mysql\data\ibtmp1' size to 12 MB. Physically writing the file full; Please wait ...
2020-01-07 11:04:01 0 [Note] InnoDB: File 'C:\xampp\mysql\data\ibtmp1' size is now 12 MB.
2020-01-07 11:04:01 0 [Note] InnoDB: Waiting for purge to start
2020-01-07 11:04:01 0 [Note] InnoDB: Waiting for purge to start
2020-01-07 11:04:01 0 [Note] InnoDB: 10.4.8 started; log sequence number 300333; transaction id 171
2020-01-07 11:04:01 0 [Note] InnoDB: Loading buffer pool(s) from C:\xampp\mysql\data\ib_buffer_pool
2020-01-07 11:04:01 0 [Note] Plugin 'FEEDBACK' is disabled.
2020-01-07 11:04:02 0 [Note] InnoDB: Buffer pool(s) load completed at 200107 11:04:02
2020-01-07 11:04:02 0 [Note] Server socket created on IP: '::'.
InnoDB: using atomic writes.
2020-01-12 23:10:56 0 [Note] InnoDB: Mutexes and rw_locks use Windows interlocked functions
2020-01-12 23:10:56 0 [Note] InnoDB: Uses event mutexes
2020-01-12 23:10:56 0 [Note] InnoDB: Compressed tables use zlib 1.2.11
2020-01-12 23:10:56 0 [Note] InnoDB: Number of pools: 1
2020-01-12 23:10:56 0 [Note] InnoDB: Using SSE2 crc32 instructions
2020-01-12 23:10:56 0 [Note] InnoDB: Initializing buffer pool, total size = 16M, instances = 1, chunk size = 16M
2020-01-12 23:10:56 0 [Note] InnoDB: Completed initialization of buffer pool
2020-01-12 23:10:56 0 [Note] InnoDB: Starting crash recovery from checkpoint LSN=300342
2020-01-12 23:10:56 0 [Note] InnoDB: 128 out of 128 rollback segments are active.
2020-01-12 23:10:56 0 [Note] InnoDB: Removed temporary tablespace data file: "ibtmp1"
2020-01-12 23:10:56 0 [Note] InnoDB: Creating shared tablespace for temporary tables
2020-01-12 23:10:56 0 [Note] InnoDB: Setting file 'C:\xampp\mysql\data\ibtmp1' size to 12 MB. Physically writing the file full; Please wait ...
2020-01-12 23:10:56 0 [Note] InnoDB: File 'C:\xampp\mysql\data\ibtmp1' size is now 12 MB.
2020-01-12 23:10:56 0 [Note] InnoDB: Waiting for purge to start
2020-01-12 23:10:56 0 [Note] InnoDB: 10.4.8 started; log sequence number 300351; transaction id 171
2020-01-12 23:10:56 0 [Note] InnoDB: Loading buffer pool(s) from C:\xampp\mysql\data\ib_buffer_pool
2020-01-12 23:10:56 0 [Note] Plugin 'FEEDBACK' is disabled.
2020-01-12 23:10:56 0 [Note] Server socket created on IP: '::'.
InnoDB: using atomic writes.
2020-01-13 14:13:56 0 [Note] InnoDB: Mutexes and rw_locks use Windows interlocked functions
2020-01-13 14:13:56 0 [Note] InnoDB: Uses event mutexes
2020-01-13 14:13:56 0 [Note] InnoDB: Compressed tables use zlib 1.2.11
2020-01-13 14:13:56 0 [Note] InnoDB: Number of pools: 1
2020-01-13 14:13:56 0 [Note] InnoDB: Using SSE2 crc32 instructions
2020-01-13 14:13:56 0 [Note] InnoDB: Initializing buffer pool, total size = 16M, instances = 1, chunk size = 16M
2020-01-13 14:13:56 0 [Note] InnoDB: Completed initialization of buffer pool
2020-01-13 14:13:56 0 [Note] InnoDB: Starting crash recovery from checkpoint LSN=304542
2020-01-13 14:13:56 0 [Note] InnoDB: 128 out of 128 rollback segments are active.
2020-01-13 14:13:56 0 [Note] InnoDB: Removed temporary tablespace data file: "ibtmp1"
2020-01-13 14:13:56 0 [Note] InnoDB: Creating shared tablespace for temporary tables
2020-01-13 14:13:56 0 [Note] InnoDB: Setting file 'C:\xampp\mysql\data\ibtmp1' size to 12 MB. Physically writing the file full; Please wait ...
2020-01-13 14:13:56 0 [Note] InnoDB: File 'C:\xampp\mysql\data\ibtmp1' size is now 12 MB.
2020-01-13 14:13:56 0 [Note] InnoDB: Waiting for purge to start
2020-01-13 14:13:56 0 [Note] InnoDB: 10.4.8 started; log sequence number 304551; transaction id 188
2020-01-13 14:13:56 0 [Note] InnoDB: Loading buffer pool(s) from C:\xampp\mysql\data\ib_buffer_pool
2020-01-13 14:13:56 0 [Note] Plugin 'FEEDBACK' is disabled.
2020-01-13 14:13:56 0 [Note] Server socket created on IP: '::'.
InnoDB: using atomic writes.
2020-01-13 20:56:03 0 [Note] InnoDB: Mutexes and rw_locks use Windows interlocked functions
2020-01-13 20:56:03 0 [Note] InnoDB: Uses event mutexes
2020-01-13 20:56:03 0 [Note] InnoDB: Compressed tables use zlib 1.2.11
2020-01-13 20:56:03 0 [Note] InnoDB: Number of pools: 1
2020-01-13 20:56:03 0 [Note] InnoDB: Using SSE2 crc32 instructions
2020-01-13 20:56:03 0 [Note] InnoDB: Initializing buffer pool, total size = 16M, instances = 1, chunk size = 16M
2020-01-13 20:56:03 0 [Note] InnoDB: Completed initialization of buffer pool
2020-01-13 20:56:03 0 [Note] InnoDB: Starting crash recovery from checkpoint LSN=801946
2020-01-13 20:56:04 0 [Note] InnoDB: 128 out of 128 rollback segments are active.
2020-01-13 20:56:04 0 [Note] InnoDB: Removed temporary tablespace data file: "ibtmp1"
2020-01-13 20:56:04 0 [Note] InnoDB: Creating shared tablespace for temporary tables
2020-01-13 20:56:04 0 [Note] InnoDB: Setting file 'C:\xampp\mysql\data\ibtmp1' size to 12 MB. Physically writing the file full; Please wait ...
2020-01-13 20:56:04 0 [Note] InnoDB: File 'C:\xampp\mysql\data\ibtmp1' size is now 12 MB.
2020-01-13 20:56:04 0 [Note] InnoDB: Waiting for purge to start
2020-01-13 20:56:04 0 [Note] InnoDB: 10.4.8 started; log sequence number 801955; transaction id 872
2020-01-13 20:56:04 0 [Note] InnoDB: Loading buffer pool(s) from C:\xampp\mysql\data\ib_buffer_pool
2020-01-13 20:56:04 0 [Note] Plugin 'FEEDBACK' is disabled.
2020-01-13 20:56:04 0 [Note] Server socket created on IP: '::'.
InnoDB: using atomic writes.
2020-01-13 21:45:54 0 [Note] InnoDB: Mutexes and rw_locks use Windows interlocked functions
2020-01-13 21:45:54 0 [Note] InnoDB: Uses event mutexes
2020-01-13 21:45:54 0 [Note] InnoDB: Compressed tables use zlib 1.2.11
2020-01-13 21:45:54 0 [Note] InnoDB: Number of pools: 1
2020-01-13 21:45:54 0 [Note] InnoDB: Using SSE2 crc32 instructions
2020-01-13 21:45:54 0 [Note] InnoDB: Initializing buffer pool, total size = 16M, instances = 1, chunk size = 16M
2020-01-13 21:45:54 0 [Note] InnoDB: Completed initialization of buffer pool
2020-01-13 21:45:54 0 [Note] InnoDB: Starting crash recovery from checkpoint LSN=847493
2020-01-13 21:45:55 0 [Note] InnoDB: 128 out of 128 rollback segments are active.
2020-01-13 21:45:55 0 [Note] InnoDB: Removed temporary tablespace data file: "ibtmp1"
2020-01-13 21:45:55 0 [Note] InnoDB: Creating shared tablespace for temporary tables
2020-01-13 21:45:55 0 [Note] InnoDB: Setting file 'C:\xampp\mysql\data\ibtmp1' size to 12 MB. Physically writing the file full; Please wait ...
2020-01-13 21:45:55 0 [Note] InnoDB: File 'C:\xampp\mysql\data\ibtmp1' size is now 12 MB.
2020-01-13 21:45:55 0 [Note] InnoDB: Waiting for purge to start
2020-01-13 21:45:55 0 [Note] InnoDB: 10.4.8 started; log sequence number 847502; transaction id 1014
2020-01-13 21:45:55 0 [Note] InnoDB: Loading buffer pool(s) from C:\xampp\mysql\data\ib_buffer_pool
2020-01-13 21:45:55 0 [Note] Plugin 'FEEDBACK' is disabled.
2020-01-13 21:45:55 0 [Note] Server socket created on IP: '::'.
InnoDB: using atomic writes.
2020-01-14  9:41:15 0 [Note] InnoDB: Mutexes and rw_locks use Windows interlocked functions
2020-01-14  9:41:15 0 [Note] InnoDB: Uses event mutexes
2020-01-14  9:41:15 0 [Note] InnoDB: Compressed tables use zlib 1.2.11
2020-01-14  9:41:15 0 [Note] InnoDB: Number of pools: 1
2020-01-14  9:41:15 0 [Note] InnoDB: Using SSE2 crc32 instructions
2020-01-14  9:41:15 0 [Note] InnoDB: Initializing buffer pool, total size = 16M, instances = 1, chunk size = 16M
2020-01-14  9:41:15 0 [Note] InnoDB: Completed initialization of buffer pool
2020-01-14  9:41:15 0 [Note] InnoDB: Starting crash recovery from checkpoint LSN=847511
2020-01-14  9:41:16 0 [Note] InnoDB: 128 out of 128 rollback segments are active.
2020-01-14  9:41:16 0 [Note] InnoDB: Removed temporary tablespace data file: "ibtmp1"
2020-01-14  9:41:16 0 [Note] InnoDB: Creating shared tablespace for temporary tables
2020-01-14  9:41:16 0 [Note] InnoDB: Setting file 'C:\xampp\mysql\data\ibtmp1' size to 12 MB. Physically writing the file full; Please wait ...
2020-01-14  9:41:16 0 [Note] InnoDB: File 'C:\xampp\mysql\data\ibtmp1' size is now 12 MB.
2020-01-14  9:41:16 0 [Note] InnoDB: Waiting for purge to start
2020-01-14  9:41:16 0 [Note] InnoDB: 10.4.8 started; log sequence number 847520; transaction id 1014
2020-01-14  9:41:16 0 [Note] InnoDB: Loading buffer pool(s) from C:\xampp\mysql\data\ib_buffer_pool
2020-01-14  9:41:16 0 [Note] Plugin 'FEEDBACK' is disabled.
2020-01-14  9:41:16 0 [Note] Server socket created on IP: '::'.
